<?xml version="1.0" encoding="UTF-8"?>
<!-- Generated by org.testng.reporters.JUnitReportReporter -->
<testsuite hostname="DESKTOP-1LU8MBC" failures="0" tests="6" name="com.Utility.Bill.BillRunFirst.other_Admin" time="7.441" errors="1" timestamp="2021-11-10T17:11:17 IST" skipped="5">
  <testcase classname="com.Utility.Bill.BillRunFirst.other_Admin" name="Login" time="7.441">
    <error message="invalid selector: Unable to locate an element with the xpath expression UI Administrator
1994
2001
A realy good company
abcrrrrr try
AKT
Aloog
Aloog electricity
Aniga
ATC
awan
awan Tech Services
Bajaj
Best Water
Biasi Water
Bishop Test
Bishop Utilities Ltd.
Bizfac
Blue Knob Water Company
Bluebox Holdings (Pty) Ltd
Bluebox Technologies
Breezy Pointe Utilities
Bunceton Water Department
Cape County Sewer
Casa Water Facility
Cebu Test
Check1
Chee Chee Bay Water System
City of Claflin
City of Dubuque
City of Eros
City of Iberia
City of Jasper
City of Lexington
City of Morrison
City of Nowata
City of Ola
City of Uniontown
City of Windsor
CIUC
Coosawattee River Resort Association Inc
Damel group
Damelgroup
Deer Trail Water District
eai zihoih
EJ Water
EL Robinson
Eledynamics
Elink
EMI Investments cc
emsi
emsii
Entercom
Entercom pc
ezio
ezio demo
First Response Metering
Gas Utility District 2
GRD Family Properties
Greenwood Water Corporation
Harris Demo
Hendrix-Kemp
Holmberg Village Water Company, LLC
HomeWaterLLC
Horse Creek Water
Hydro Billing
Idea UK
Inesu
Integra Water - Creola
Integra Water - Enviro Systems
Integra Water - Madison
Integra Water - Vinemont
IZMIR TOWN PVT LTD
Jason
Jason Water
Jason Water Corp
Jason Water Corporation
JRM Water, LLC.
JW Water
kaasenkoekjesrapsen
Krooked Kreek Water Assn
Marineland Utilities
MB HOMES
McCracken Water COmpany
McCurtain County RWD2
Midvale Water Works
Minterfield Airport District
Mon Nov 08 122607 IST 2021
Mon Nov 08 122922 IST 2021
Mon Nov 08 123804 IST 2021
Mon Nov 08 124032 IST 2021
Mon Nov 08 124813 IST 2021
Mon Nov 08 125606 IST 2021
Mon Nov 08 130001 IST 2021
Mon Nov 08 131148 IST 2021
Mon Nov 08 132158 IST 2021
Mon Nov 08 134403 IST 2021
Mon Nov 08 145322 IST 2021
Mon Nov 08 150403 IST 2021
MRRA
Municipal Water Services LLC
MUVP
Nella Solar, LLC
New Group
Northern Power &amp; Light
Northwest Water Services, LLC
Northwest Water Supply
Olar sc
Onyx Energy
Ordway Utility Billing
Pacific Power Renewables
Pardi Industrial Association
Park Water
PC Payments
Phoenix Water Solution
PIA
PostaYbyraro
Prime Systems
Prime Utility Systems
Ramah Navajo Utility
Red Rock Valley Estates Water District
Richmond School District
Riley&#039;s Real Rear Wheel
Rio Brazos
Sals Keeper
Sand Hill - Mt Olive Water
Santec Coporation
Self-emp
SET Flow
Seven Trees Village
Skv
Sky
Skyven
Smart Earth Technologies
Smart Energy Water
Smart Living MHC
Southeast Bradley
Southwest Boone Co Water Association
Southwest Lincoln Water
Standard Grand Automation
Stonewall PWA
Suwannee County Bored of County Commissioners
SWE ltd
Tech Services
Terral PWA
Test Bug Fixes
Test Default Plans After Fix
Test Template Creation
Testing Company - waterworks
Test Utilities - Waterworks
The Village of Jeromesville
The Water Sewer Trash Company
thecheesefactory
Thu Mar 18 111258 IST 2021
Town of Amenia Water District #1
Town of Olar
Town of Olney Springs
Town of Owens Cross Roads
Tue Nov 09 100202 IST 2021
Tue Sep 15 105751 IST 2020
UARAVA
Uje i frsket
URAVA
Utilibill Internal
Utilibill Paya
Val Verde Co. WCID
Val Verde WCID
Valdosta City
Virat
Vishal
Water Undertaking
Water Utility Management
WCWD
webniza
webtech
Western State Water and Sewer LLC
Wickiup Water District
Winnebago Tribe
Wipfli
WT HOA
Yo Creek Water Utility
ZZZ - Plan template fix
ZZZ - Test Default Plans
ZZZ - Test Default Plans 2
ZZZ Integra Water
ZZZ- C2D, Inc because of the following error:
SyntaxError: Failed to execute &#039;evaluate&#039; on &#039;Document&#039;: The string &#039;UI Administrator
1994
2001
A realy good company
abcrrrrr try
AKT
Aloog
Aloog electricity
Aniga
ATC
awan
awan Tech Services
Bajaj
Best Water
Biasi Water
Bishop Test
Bishop Utilities Ltd.
Bizfac
Blue Knob Water Company
Bluebox Holdings (Pty) Ltd
Bluebox Technologies
Breezy Pointe Utilities
Bunceton Water Department
Cape County Sewer
Casa Water Facility
Cebu Test
Check1
Chee Chee Bay Water System
City of Claflin
City of Dubuque
City of Eros
City of Iberia
City of Jasper
City of Lexington
City of Morrison
City of Nowata
City of Ola
City of Uniontown
City of Windsor
CIUC
Coosawattee River Resort Association Inc
Damel group
Damelgroup
Deer Trail Water District
eai zihoih
EJ Water
EL Robinson
Eledynamics
Elink
EMI Investments cc
emsi
emsii
Entercom
Entercom pc
ezio
ezio demo
First Response Metering
Gas Utility District 2
GRD Family Properties
Greenwood Water Corporation
Harris Demo
Hendrix-Kemp
Holmberg Village Water Company, LLC
HomeWaterLLC
Horse Creek Water
Hydro Billing
Idea UK
Inesu
Integra Water - Creola
Integra Water - Enviro Systems
Integra Water - Madison
Integra Water - Vinemont
IZMIR TOWN PVT LTD
Jason
Jason Water
Jason Water Corp
Jason Water Corporation
JRM Water, LLC.
JW Water
kaasenkoekjesrapsen
Krooked Kreek Water Assn
Marineland Utilities
MB HOMES
McCracken Water COmpany
McCurtain County RWD2
Midvale Water Works
Minterfield Airport District
Mon Nov 08 122607 IST 2021
Mon Nov 08 122922 IST 2021
Mon Nov 08 123804 IST 2021
Mon Nov 08 124032 IST 2021
Mon Nov 08 124813 IST 2021
Mon Nov 08 125606 IST 2021
Mon Nov 08 130001 IST 2021
Mon Nov 08 131148 IST 2021
Mon Nov 08 132158 IST 2021
Mon Nov 08 134403 IST 2021
Mon Nov 08 145322 IST 2021
Mon Nov 08 150403 IST 2021
MRRA
Municipal Water Services LLC
MUVP
Nella Solar, LLC
New Group
Northern Power &amp; Light
Northwest Water Services, LLC
Northwest Water Supply
Olar sc
Onyx Energy
Ordway Utility Billing
Pacific Power Renewables
Pardi Industrial Association
Park Water
PC Payments
Phoenix Water Solution
PIA
PostaYbyraro
Prime Systems
Prime Utility Systems
Ramah Navajo Utility
Red Rock Valley Estates Water District
Richmond School District
Riley&#039;s Real Rear Wheel
Rio Brazos
Sals Keeper
Sand Hill - Mt Olive Water
Santec Coporation
Self-emp
SET Flow
Seven Trees Village
Skv
Sky
Skyven
Smart Earth Technologies
Smart Energy Water
Smart Living MHC
Southeast Bradley
Southwest Boone Co Water Association
Southwest Lincoln Water
Standard Grand Automation
Stonewall PWA
Suwannee County Bored of County Commissioners
SWE ltd
Tech Services
Terral PWA
Test Bug Fixes
Test Default Plans After Fix
Test Template Creation
Testing Company - waterworks
Test Utilities - Waterworks
The Village of Jeromesville
The Water Sewer Trash Company
thecheesefactory
Thu Mar 18 111258 IST 2021
Town of Amenia Water District #1
Town of Olar
Town of Olney Springs
Town of Owens Cross Roads
Tue Nov 09 100202 IST 2021
Tue Sep 15 105751 IST 2020
UARAVA
Uje i frsket
URAVA
Utilibill Internal
Utilibill Paya
Val Verde Co. WCID
Val Verde WCID
Valdosta City
Virat
Vishal
Water Undertaking
Water Utility Management
WCWD
webniza
webtech
Western State Water and Sewer LLC
Wickiup Water District
Winnebago Tribe
Wipfli
WT HOA
Yo Creek Water Utility
ZZZ - Plan template fix
ZZZ - Test Default Plans
ZZZ - Test Default Plans 2
ZZZ Integra Water
ZZZ- C2D, Inc&#039; is not a valid XPath expression.
  (Session info: chrome=95.0.4638.69)
For documentation on this error, please visit: https://selenium.dev/exceptions/#invalid_selector_exception
Build info: version: &#039;4.0.0&#039;, revision: &#039;3a21814679&#039;
System info: host: &#039;DESKTOP-1LU8MBC&#039;, ip: &#039;192.168.1.16&#039;, os.name: &#039;Windows 10&#039;, os.arch: &#039;amd64&#039;, os.version: &#039;10.0&#039;, java.version: &#039;17.0.1&#039;
Driver info: org.openqa.selenium.chrome.ChromeDriver
Command: [25938ff78b32edc41ba778da86146190, findElement {using=xpath, value=UI Administrator
1994
2001
A realy good company
abcrrrrr try
AKT
Aloog
Aloog electricity
Aniga
ATC
awan
awan Tech Services
Bajaj
Best Water
Biasi Water
Bishop Test
Bishop Utilities Ltd.
Bizfac
Blue Knob Water Company
Bluebox Holdings (Pty) Ltd
Bluebox Technologies
Breezy Pointe Utilities
Bunceton Water Department
Cape County Sewer
Casa Water Facility
Cebu Test
Check1
Chee Chee Bay Water System
City of Claflin
City of Dubuque
City of Eros
City of Iberia
City of Jasper
City of Lexington
City of Morrison
City of Nowata
City of Ola
City of Uniontown
City of Windsor
CIUC
Coosawattee River Resort Association Inc
Damel group
Damelgroup
Deer Trail Water District
eai zihoih
EJ Water
EL Robinson
Eledynamics
Elink
EMI Investments cc
emsi
emsii
Entercom
Entercom pc
ezio
ezio demo
First Response Metering
Gas Utility District 2
GRD Family Properties
Greenwood Water Corporation
Harris Demo
Hendrix-Kemp
Holmberg Village Water Company, LLC
HomeWaterLLC
Horse Creek Water
Hydro Billing
Idea UK
Inesu
Integra Water - Creola
Integra Water - Enviro Systems
Integra Water - Madison
Integra Water - Vinemont
IZMIR TOWN PVT LTD
Jason
Jason Water
Jason Water Corp
Jason Water Corporation
JRM Water, LLC.
JW Water
kaasenkoekjesrapsen
Krooked Kreek Water Assn
Marineland Utilities
MB HOMES
McCracken Water COmpany
McCurtain County RWD2
Midvale Water Works
Minterfield Airport District
Mon Nov 08 122607 IST 2021
Mon Nov 08 122922 IST 2021
Mon Nov 08 123804 IST 2021
Mon Nov 08 124032 IST 2021
Mon Nov 08 124813 IST 2021
Mon Nov 08 125606 IST 2021
Mon Nov 08 130001 IST 2021
Mon Nov 08 131148 IST 2021
Mon Nov 08 132158 IST 2021
Mon Nov 08 134403 IST 2021
Mon Nov 08 145322 IST 2021
Mon Nov 08 150403 IST 2021
MRRA
Municipal Water Services LLC
MUVP
Nella Solar, LLC
New Group
Northern Power &amp; Light
Northwest Water Services, LLC
Northwest Water Supply
Olar sc
Onyx Energy
Ordway Utility Billing
Pacific Power Renewables
Pardi Industrial Association
Park Water
PC Payments
Phoenix Water Solution
PIA
PostaYbyraro
Prime Systems
Prime Utility Systems
Ramah Navajo Utility
Red Rock Valley Estates Water District
Richmond School District
Riley&#039;s Real Rear Wheel
Rio Brazos
Sals Keeper
Sand Hill - Mt Olive Water
Santec Coporation
Self-emp
SET Flow
Seven Trees Village
Skv
Sky
Skyven
Smart Earth Technologies
Smart Energy Water
Smart Living MHC
Southeast Bradley
Southwest Boone Co Water Association
Southwest Lincoln Water
Standard Grand Automation
Stonewall PWA
Suwannee County Bored of County Commissioners
SWE ltd
Tech Services
Terral PWA
Test Bug Fixes
Test Default Plans After Fix
Test Template Creation
Testing Company - waterworks
Test Utilities - Waterworks
The Village of Jeromesville
The Water Sewer Trash Company
thecheesefactory
Thu Mar 18 111258 IST 2021
Town of Amenia Water District #1
Town of Olar
Town of Olney Springs
Town of Owens Cross Roads
Tue Nov 09 100202 IST 2021
Tue Sep 15 105751 IST 2020
UARAVA
Uje i frsket
URAVA
Utilibill Internal
Utilibill Paya
Val Verde Co. WCID
Val Verde WCID
Valdosta City
Virat
Vishal
Water Undertaking
Water Utility Management
WCWD
webniza
webtech
Western State Water and Sewer LLC
Wickiup Water District
Winnebago Tribe
Wipfli
WT HOA
Yo Creek Water Utility
ZZZ - Plan template fix
ZZZ - Test Default Plans
ZZZ - Test Default Plans 2
ZZZ Integra Water
ZZZ- C2D, Inc}]
Capabilities {acceptInsecureCerts: false, browserName: chrome, browserVersion: 95.0.4638.69, chrome: {chromedriverVersion: 95.0.4638.69 (6a1600ed572fe..., userDataDir: C:\WINDOWS\TEMP\scoped_dir9...}, goog:chromeOptions: {debuggerAddress: localhost:56064}, javascriptEnabled: true, networkConnectionEnabled: false, pageLoadStrategy: normal, platform: WINDOWS, platformName: WINDOWS, proxy: Proxy(), se:cdp: ws://localhost:56064/devtoo..., se:cdpVersion: 95.0.4638.69, setWindowRect: true, strictFileInteractability: false, timeouts: {implicit: 0, pageLoad: 300000, script: 30000}, unhandledPromptBehavior: dismiss and notify, webauthn:extension:credBlob: true, webauthn:extension:largeBlob: true, webauthn:virtualAuthenticators: true}
Session ID: 25938ff78b32edc41ba778da86146190" type="org.openqa.selenium.InvalidSelectorException">
      <![CDATA[org.openqa.selenium.InvalidSelectorException: invalid selector: Unable to locate an element with the xpath expression UI Administrator
1994
2001
A realy good company
abcrrrrr try
AKT
Aloog
Aloog electricity
Aniga
ATC
awan
awan Tech Services
Bajaj
Best Water
Biasi Water
Bishop Test
Bishop Utilities Ltd.
Bizfac
Blue Knob Water Company
Bluebox Holdings (Pty) Ltd
Bluebox Technologies
Breezy Pointe Utilities
Bunceton Water Department
Cape County Sewer
Casa Water Facility
Cebu Test
Check1
Chee Chee Bay Water System
City of Claflin
City of Dubuque
City of Eros
City of Iberia
City of Jasper
City of Lexington
City of Morrison
City of Nowata
City of Ola
City of Uniontown
City of Windsor
CIUC
Coosawattee River Resort Association Inc
Damel group
Damelgroup
Deer Trail Water District
eai zihoih
EJ Water
EL Robinson
Eledynamics
Elink
EMI Investments cc
emsi
emsii
Entercom
Entercom pc
ezio
ezio demo
First Response Metering
Gas Utility District 2
GRD Family Properties
Greenwood Water Corporation
Harris Demo
Hendrix-Kemp
Holmberg Village Water Company, LLC
HomeWaterLLC
Horse Creek Water
Hydro Billing
Idea UK
Inesu
Integra Water - Creola
Integra Water - Enviro Systems
Integra Water - Madison
Integra Water - Vinemont
IZMIR TOWN PVT LTD
Jason
Jason Water
Jason Water Corp
Jason Water Corporation
JRM Water, LLC.
JW Water
kaasenkoekjesrapsen
Krooked Kreek Water Assn
Marineland Utilities
MB HOMES
McCracken Water COmpany
McCurtain County RWD2
Midvale Water Works
Minterfield Airport District
Mon Nov 08 122607 IST 2021
Mon Nov 08 122922 IST 2021
Mon Nov 08 123804 IST 2021
Mon Nov 08 124032 IST 2021
Mon Nov 08 124813 IST 2021
Mon Nov 08 125606 IST 2021
Mon Nov 08 130001 IST 2021
Mon Nov 08 131148 IST 2021
Mon Nov 08 132158 IST 2021
Mon Nov 08 134403 IST 2021
Mon Nov 08 145322 IST 2021
Mon Nov 08 150403 IST 2021
MRRA
Municipal Water Services LLC
MUVP
Nella Solar, LLC
New Group
Northern Power & Light
Northwest Water Services, LLC
Northwest Water Supply
Olar sc
Onyx Energy
Ordway Utility Billing
Pacific Power Renewables
Pardi Industrial Association
Park Water
PC Payments
Phoenix Water Solution
PIA
PostaYbyraro
Prime Systems
Prime Utility Systems
Ramah Navajo Utility
Red Rock Valley Estates Water District
Richmond School District
Riley's Real Rear Wheel
Rio Brazos
Sals Keeper
Sand Hill - Mt Olive Water
Santec Coporation
Self-emp
SET Flow
Seven Trees Village
Skv
Sky
Skyven
Smart Earth Technologies
Smart Energy Water
Smart Living MHC
Southeast Bradley
Southwest Boone Co Water Association
Southwest Lincoln Water
Standard Grand Automation
Stonewall PWA
Suwannee County Bored of County Commissioners
SWE ltd
Tech Services
Terral PWA
Test Bug Fixes
Test Default Plans After Fix
Test Template Creation
Testing Company - waterworks
Test Utilities - Waterworks
The Village of Jeromesville
The Water Sewer Trash Company
thecheesefactory
Thu Mar 18 111258 IST 2021
Town of Amenia Water District #1
Town of Olar
Town of Olney Springs
Town of Owens Cross Roads
Tue Nov 09 100202 IST 2021
Tue Sep 15 105751 IST 2020
UARAVA
Uje i frsket
URAVA
Utilibill Internal
Utilibill Paya
Val Verde Co. WCID
Val Verde WCID
Valdosta City
Virat
Vishal
Water Undertaking
Water Utility Management
WCWD
webniza
webtech
Western State Water and Sewer LLC
Wickiup Water District
Winnebago Tribe
Wipfli
WT HOA
Yo Creek Water Utility
ZZZ - Plan template fix
ZZZ - Test Default Plans
ZZZ - Test Default Plans 2
ZZZ Integra Water
ZZZ- C2D, Inc because of the following error:
SyntaxError: Failed to execute 'evaluate' on 'Document': The string 'UI Administrator
1994
2001
A realy good company
abcrrrrr try
AKT
Aloog
Aloog electricity
Aniga
ATC
awan
awan Tech Services
Bajaj
Best Water
Biasi Water
Bishop Test
Bishop Utilities Ltd.
Bizfac
Blue Knob Water Company
Bluebox Holdings (Pty) Ltd
Bluebox Technologies
Breezy Pointe Utilities
Bunceton Water Department
Cape County Sewer
Casa Water Facility
Cebu Test
Check1
Chee Chee Bay Water System
City of Claflin
City of Dubuque
City of Eros
City of Iberia
City of Jasper
City of Lexington
City of Morrison
City of Nowata
City of Ola
City of Uniontown
City of Windsor
CIUC
Coosawattee River Resort Association Inc
Damel group
Damelgroup
Deer Trail Water District
eai zihoih
EJ Water
EL Robinson
Eledynamics
Elink
EMI Investments cc
emsi
emsii
Entercom
Entercom pc
ezio
ezio demo
First Response Metering
Gas Utility District 2
GRD Family Properties
Greenwood Water Corporation
Harris Demo
Hendrix-Kemp
Holmberg Village Water Company, LLC
HomeWaterLLC
Horse Creek Water
Hydro Billing
Idea UK
Inesu
Integra Water - Creola
Integra Water - Enviro Systems
Integra Water - Madison
Integra Water - Vinemont
IZMIR TOWN PVT LTD
Jason
Jason Water
Jason Water Corp
Jason Water Corporation
JRM Water, LLC.
JW Water
kaasenkoekjesrapsen
Krooked Kreek Water Assn
Marineland Utilities
MB HOMES
McCracken Water COmpany
McCurtain County RWD2
Midvale Water Works
Minterfield Airport District
Mon Nov 08 122607 IST 2021
Mon Nov 08 122922 IST 2021
Mon Nov 08 123804 IST 2021
Mon Nov 08 124032 IST 2021
Mon Nov 08 124813 IST 2021
Mon Nov 08 125606 IST 2021
Mon Nov 08 130001 IST 2021
Mon Nov 08 131148 IST 2021
Mon Nov 08 132158 IST 2021
Mon Nov 08 134403 IST 2021
Mon Nov 08 145322 IST 2021
Mon Nov 08 150403 IST 2021
MRRA
Municipal Water Services LLC
MUVP
Nella Solar, LLC
New Group
Northern Power & Light
Northwest Water Services, LLC
Northwest Water Supply
Olar sc
Onyx Energy
Ordway Utility Billing
Pacific Power Renewables
Pardi Industrial Association
Park Water
PC Payments
Phoenix Water Solution
PIA
PostaYbyraro
Prime Systems
Prime Utility Systems
Ramah Navajo Utility
Red Rock Valley Estates Water District
Richmond School District
Riley's Real Rear Wheel
Rio Brazos
Sals Keeper
Sand Hill - Mt Olive Water
Santec Coporation
Self-emp
SET Flow
Seven Trees Village
Skv
Sky
Skyven
Smart Earth Technologies
Smart Energy Water
Smart Living MHC
Southeast Bradley
Southwest Boone Co Water Association
Southwest Lincoln Water
Standard Grand Automation
Stonewall PWA
Suwannee County Bored of County Commissioners
SWE ltd
Tech Services
Terral PWA
Test Bug Fixes
Test Default Plans After Fix
Test Template Creation
Testing Company - waterworks
Test Utilities - Waterworks
The Village of Jeromesville
The Water Sewer Trash Company
thecheesefactory
Thu Mar 18 111258 IST 2021
Town of Amenia Water District #1
Town of Olar
Town of Olney Springs
Town of Owens Cross Roads
Tue Nov 09 100202 IST 2021
Tue Sep 15 105751 IST 2020
UARAVA
Uje i frsket
URAVA
Utilibill Internal
Utilibill Paya
Val Verde Co. WCID
Val Verde WCID
Valdosta City
Virat
Vishal
Water Undertaking
Water Utility Management
WCWD
webniza
webtech
Western State Water and Sewer LLC
Wickiup Water District
Winnebago Tribe
Wipfli
WT HOA
Yo Creek Water Utility
ZZZ - Plan template fix
ZZZ - Test Default Plans
ZZZ - Test Default Plans 2
ZZZ Integra Water
ZZZ- C2D, Inc' is not a valid XPath expression.
  (Session info: chrome=95.0.4638.69)
For documentation on this error, please visit: https://selenium.dev/exceptions/#invalid_selector_exception
Build info: version: '4.0.0', revision: '3a21814679'
System info: host: 'DESKTOP-1LU8MBC', ip: '192.168.1.16', os.name: 'Windows 10', os.arch: 'amd64', os.version: '10.0', java.version: '17.0.1'
Driver info: org.openqa.selenium.chrome.ChromeDriver
Command: [25938ff78b32edc41ba778da86146190, findElement {using=xpath, value=UI Administrator
1994
2001
A realy good company
abcrrrrr try
AKT
Aloog
Aloog electricity
Aniga
ATC
awan
awan Tech Services
Bajaj
Best Water
Biasi Water
Bishop Test
Bishop Utilities Ltd.
Bizfac
Blue Knob Water Company
Bluebox Holdings (Pty) Ltd
Bluebox Technologies
Breezy Pointe Utilities
Bunceton Water Department
Cape County Sewer
Casa Water Facility
Cebu Test
Check1
Chee Chee Bay Water System
City of Claflin
City of Dubuque
City of Eros
City of Iberia
City of Jasper
City of Lexington
City of Morrison
City of Nowata
City of Ola
City of Uniontown
City of Windsor
CIUC
Coosawattee River Resort Association Inc
Damel group
Damelgroup
Deer Trail Water District
eai zihoih
EJ Water
EL Robinson
Eledynamics
Elink
EMI Investments cc
emsi
emsii
Entercom
Entercom pc
ezio
ezio demo
First Response Metering
Gas Utility District 2
GRD Family Properties
Greenwood Water Corporation
Harris Demo
Hendrix-Kemp
Holmberg Village Water Company, LLC
HomeWaterLLC
Horse Creek Water
Hydro Billing
Idea UK
Inesu
Integra Water - Creola
Integra Water - Enviro Systems
Integra Water - Madison
Integra Water - Vinemont
IZMIR TOWN PVT LTD
Jason
Jason Water
Jason Water Corp
Jason Water Corporation
JRM Water, LLC.
JW Water
kaasenkoekjesrapsen
Krooked Kreek Water Assn
Marineland Utilities
MB HOMES
McCracken Water COmpany
McCurtain County RWD2
Midvale Water Works
Minterfield Airport District
Mon Nov 08 122607 IST 2021
Mon Nov 08 122922 IST 2021
Mon Nov 08 123804 IST 2021
Mon Nov 08 124032 IST 2021
Mon Nov 08 124813 IST 2021
Mon Nov 08 125606 IST 2021
Mon Nov 08 130001 IST 2021
Mon Nov 08 131148 IST 2021
Mon Nov 08 132158 IST 2021
Mon Nov 08 134403 IST 2021
Mon Nov 08 145322 IST 2021
Mon Nov 08 150403 IST 2021
MRRA
Municipal Water Services LLC
MUVP
Nella Solar, LLC
New Group
Northern Power & Light
Northwest Water Services, LLC
Northwest Water Supply
Olar sc
Onyx Energy
Ordway Utility Billing
Pacific Power Renewables
Pardi Industrial Association
Park Water
PC Payments
Phoenix Water Solution
PIA
PostaYbyraro
Prime Systems
Prime Utility Systems
Ramah Navajo Utility
Red Rock Valley Estates Water District
Richmond School District
Riley's Real Rear Wheel
Rio Brazos
Sals Keeper
Sand Hill - Mt Olive Water
Santec Coporation
Self-emp
SET Flow
Seven Trees Village
Skv
Sky
Skyven
Smart Earth Technologies
Smart Energy Water
Smart Living MHC
Southeast Bradley
Southwest Boone Co Water Association
Southwest Lincoln Water
Standard Grand Automation
Stonewall PWA
Suwannee County Bored of County Commissioners
SWE ltd
Tech Services
Terral PWA
Test Bug Fixes
Test Default Plans After Fix
Test Template Creation
Testing Company - waterworks
Test Utilities - Waterworks
The Village of Jeromesville
The Water Sewer Trash Company
thecheesefactory
Thu Mar 18 111258 IST 2021
Town of Amenia Water District #1
Town of Olar
Town of Olney Springs
Town of Owens Cross Roads
Tue Nov 09 100202 IST 2021
Tue Sep 15 105751 IST 2020
UARAVA
Uje i frsket
URAVA
Utilibill Internal
Utilibill Paya
Val Verde Co. WCID
Val Verde WCID
Valdosta City
Virat
Vishal
Water Undertaking
Water Utility Management
WCWD
webniza
webtech
Western State Water and Sewer LLC
Wickiup Water District
Winnebago Tribe
Wipfli
WT HOA
Yo Creek Water Utility
ZZZ - Plan template fix
ZZZ - Test Default Plans
ZZZ - Test Default Plans 2
ZZZ Integra Water
ZZZ- C2D, Inc}]
Capabilities {acceptInsecureCerts: false, browserName: chrome, browserVersion: 95.0.4638.69, chrome: {chromedriverVersion: 95.0.4638.69 (6a1600ed572fe..., userDataDir: C:\WINDOWS\TEMP\scoped_dir9...}, goog:chromeOptions: {debuggerAddress: localhost:56064}, javascriptEnabled: true, networkConnectionEnabled: false, pageLoadStrategy: normal, platform: WINDOWS, platformName: WINDOWS, proxy: Proxy(), se:cdp: ws://localhost:56064/devtoo..., se:cdpVersion: 95.0.4638.69, setWindowRect: true, strictFileInteractability: false, timeouts: {implicit: 0, pageLoad: 300000, script: 30000}, unhandledPromptBehavior: dismiss and notify, webauthn:extension:credBlob: true, webauthn:extension:largeBlob: true, webauthn:virtualAuthenticators: true}
Session ID: 25938ff78b32edc41ba778da86146190
at java.base/jdk.internal.reflect.NativeConstructorAccessorImpl.newInstance0(Native Method)
at java.base/jdk.internal.reflect.NativeConstructorAccessorImpl.newInstance(NativeConstructorAccessorImpl.java:77)
at java.base/jdk.internal.reflect.DelegatingConstructorAccessorImpl.newInstance(DelegatingConstructorAccessorImpl.java:45)
at java.base/java.lang.reflect.Constructor.newInstanceWithCaller(Constructor.java:499)
at java.base/java.lang.reflect.Constructor.newInstance(Constructor.java:480)
at org.openqa.selenium.remote.codec.w3c.W3CHttpResponseCodec.createException(W3CHttpResponseCodec.java:200)
at org.openqa.selenium.remote.codec.w3c.W3CHttpResponseCodec.decode(W3CHttpResponseCodec.java:133)
at org.openqa.selenium.remote.codec.w3c.W3CHttpResponseCodec.decode(W3CHttpResponseCodec.java:53)
at org.openqa.selenium.remote.HttpCommandExecutor.execute(HttpCommandExecutor.java:184)
at org.openqa.selenium.remote.service.DriverCommandExecutor.invokeExecute(DriverCommandExecutor.java:164)
at org.openqa.selenium.remote.service.DriverCommandExecutor.execute(DriverCommandExecutor.java:139)
at org.openqa.selenium.remote.RemoteWebDriver.execute(RemoteWebDriver.java:559)
at org.openqa.selenium.remote.ElementLocation$ElementFinder$2.findElement(ElementLocation.java:162)
at org.openqa.selenium.remote.ElementLocation.findElement(ElementLocation.java:60)
at org.openqa.selenium.remote.RemoteWebDriver.findElement(RemoteWebDriver.java:383)
at org.openqa.selenium.remote.RemoteWebDriver.findElement(RemoteWebDriver.java:375)
at com.Utility.Bill.Re_Usable.Sauce_Instance_Login_Test.Login(Sauce_Instance_Login_Test.java:80)
at java.base/jdk.internal.reflect.NativeMethodAccessorImpl.invoke0(Native Method)
at java.base/jdk.internal.reflect.NativeMethodAccessorImpl.invoke(NativeMethodAccessorImpl.java:77)
at java.base/jdk.internal.reflect.DelegatingMethodAccessorImpl.invoke(DelegatingMethodAccessorImpl.java:43)
at java.base/java.lang.reflect.Method.invoke(Method.java:568)
at org.testng.internal.MethodInvocationHelper.invokeMethod(MethodInvocationHelper.java:134)
at org.testng.internal.MethodInvocationHelper.invokeMethodConsideringTimeout(MethodInvocationHelper.java:63)
at org.testng.internal.ConfigInvoker.invokeConfigurationMethod(ConfigInvoker.java:348)
at org.testng.internal.ConfigInvoker.invokeConfigurations(ConfigInvoker.java:302)
at org.testng.internal.TestMethodWorker.invokeBeforeClassMethods(TestMethodWorker.java:176)
at org.testng.internal.TestMethodWorker.run(TestMethodWorker.java:122)
at java.base/java.util.ArrayList.forEach(ArrayList.java:1511)
at org.testng.TestRunner.privateRun(TestRunner.java:766)
at org.testng.TestRunner.run(TestRunner.java:587)
at org.testng.SuiteRunner.runTest(SuiteRunner.java:384)
at org.testng.SuiteRunner.runSequentially(SuiteRunner.java:378)
at org.testng.SuiteRunner.privateRun(SuiteRunner.java:337)
at org.testng.SuiteRunner.run(SuiteRunner.java:286)
at org.testng.SuiteRunnerWorker.runSuite(SuiteRunnerWorker.java:53)
at org.testng.SuiteRunnerWorker.run(SuiteRunnerWorker.java:96)
at org.testng.TestNG.runSuitesSequentially(TestNG.java:1187)
at org.testng.TestNG.runSuitesLocally(TestNG.java:1109)
at org.testng.TestNG.runSuites(TestNG.java:1039)
at org.testng.TestNG.run(TestNG.java:1007)
at org.testng.remote.AbstractRemoteTestNG.run(AbstractRemoteTestNG.java:115)
at org.testng.remote.RemoteTestNG.initAndRun(RemoteTestNG.java:251)
at org.testng.remote.RemoteTestNG.main(RemoteTestNG.java:77)
]]>
    </error>
  </testcase> <!-- Login -->
  <system-out/>
  <testcase classname="com.Utility.Bill.BillRunFirst.other_Admin" name="customer_add" time="0.000">
    <skipped/>
  </testcase> <!-- customer_add -->
  <system-out/>
  <testcase classname="com.Utility.Bill.BillRunFirst.other_Admin" name="payment_batch" time="0.000">
    <skipped/>
  </testcase> <!-- payment_batch -->
  <system-out/>
  <testcase classname="com.Utility.Bill.BillRunFirst.other_Admin" name="Penalty_section" time="0.000">
    <skipped/>
  </testcase> <!-- Penalty_section -->
  <system-out/>
  <testcase classname="com.Utility.Bill.BillRunFirst.other_Admin" name="Late_Fee_Settings" time="0.000">
    <skipped/>
  </testcase> <!-- Late_Fee_Settings -->
  <system-out/>
  <testcase classname="com.Utility.Bill.BillRunFirst.other_Admin" name="Customer_Portal_Setting" time="0.000">
    <skipped/>
  </testcase> <!-- Customer_Portal_Setting -->
  <system-out/>
</testsuite> <!-- com.Utility.Bill.BillRunFirst.other_Admin -->
