<?xml version="1.0" encoding="UTF-8"?>
<!-- Generated by org.testng.reporters.JUnitReportReporter -->
<testsuite hostname="DESKTOP-1LU8MBC" failures="0" tests="3" name="com.Utility.Bill.BillRunFirst.ElectAdminAccountCreation" time="81.697" errors="0" timestamp="2021-11-10T18:27:50 IST" skipped="0">
  <testcase classname="com.Utility.Bill.BillRunFirst.ElectAdminAccountCreation" name="createAdminAcc" time="33.748"/>
  <system-out/>
  <testcase classname="com.Utility.Bill.BillRunFirst.ElectAdminAccountCreation" name="loginCreatedAcc" time="39.668"/>
  <system-out/>
  <testcase classname="com.Utility.Bill.BillRunFirst.ElectAdminAccountCreation" name="editAcc" time="8.281"/>
  <system-out/>
</testsuite> <!-- com.Utility.Bill.BillRunFirst.ElectAdminAccountCreation -->
