<?xml version="1.0" encoding="UTF-8"?>
<!-- Generated by org.testng.reporters.JUnitReportReporter -->
<testsuite hostname="DESKTOP-1LU8MBC" failures="0" tests="3" name="com.Utility.Bill.BillRunFirst.invoice_setup" time="123.448" errors="0" timestamp="2021-11-10T18:42:30 IST" skipped="0">
  <testcase classname="com.Utility.Bill.BillRunFirst.invoice_setup" name="create_invoice" time="47.876"/>
  <system-out/>
  <testcase classname="com.Utility.Bill.BillRunFirst.invoice_setup" name="Edit_created_invoice" time="27.147"/>
  <system-out/>
  <testcase classname="com.Utility.Bill.BillRunFirst.invoice_setup" name="invoice_edit_group" time="48.425"/>
  <system-out/>
</testsuite> <!-- com.Utility.Bill.BillRunFirst.invoice_setup -->
